2026-05-12 15:41:02 +08:00: Error: listen EADDRINUSE: address already in use :::3000
2026-05-12 15:41:02 +08:00:     at __node_internal_captureLargerStackTrace (node:internal/errors:496:5)
2026-05-12 15:41:02 +08:00:     at __node_internal_uvExceptionWithHostPort (node:internal/errors:593:12)
2026-05-12 15:41:02 +08:00:     at Server.setupListenHandle [as _listen2] (node:net:1817:16)
2026-05-12 15:41:02 +08:00:     at listenInCluster (node:net:1865:12)
2026-05-12 15:41:02 +08:00:     at Server.listen (node:net:1953:7)
2026-05-12 15:41:02 +08:00:     at Function.listen (/opt/wxgame-workspace/backend/node_modules/express/lib/application.js:635:24)
2026-05-12 15:41:02 +08:00:     at Object.<anonymous> (/opt/wxgame-workspace/backend/server.js:921:5)
2026-05-12 15:41:02 +08:00:     at Module._compile (node:internal/modules/cjs/loader:1364:14)
2026-05-12 15:41:02 +08:00:     at Module._extensions..js (node:internal/modules/cjs/loader:1422:10)
2026-05-12 15:41:02 +08:00:     at Module.load (node:internal/modules/cjs/loader:1203:32)
2026-05-12 15:41:02 +08:00:     at Module._load (node:internal/modules/cjs/loader:1019:12)
2026-05-12 15:41:02 +08:00:     at Object.<anonymous> (/usr/lib/node_modules/pm2/lib/ProcessContainerFork.js:32:23)
2026-05-12 15:41:02 +08:00:     at Module._compile (node:internal/modules/cjs/loader:1364:14)
2026-05-12 15:41:02 +08:00:     at Module._extensions..js (node:internal/modules/cjs/loader:1422:10)
2026-05-12 15:41:02 +08:00:     at Module.load (node:internal/modules/cjs/loader:1203:32)
2026-05-12 15:41:02 +08:00:     at Module._load (node:internal/modules/cjs/loader:1019:12)
2026-05-12 15:41:02 +08:00:     at Function.executeUserEntryPoint [as runMain] (node:internal/modules/run_main:128:12)
2026-05-12 15:41:02 +08:00:     at node:internal/main/run_main_module:28:49 {
2026-05-12 15:41:02 +08:00:   code: 'EADDRINUSE',
2026-05-12 15:41:02 +08:00:   errno: -98,
2026-05-12 15:41:02 +08:00:   syscall: 'listen',
2026-05-12 15:41:02 +08:00:   address: '::',
2026-05-12 15:41:02 +08:00:   port: 3000
2026-05-12 15:41:02 +08:00: }
2026-05-12 15:41:06 +08:00: Error: listen EADDRINUSE: address already in use :::3000
2026-05-12 15:41:06 +08:00:     at __node_internal_captureLargerStackTrace (node:internal/errors:496:5)
2026-05-12 15:41:06 +08:00:     at __node_internal_uvExceptionWithHostPort (node:internal/errors:593:12)
2026-05-12 15:41:06 +08:00:     at Server.setupListenHandle [as _listen2] (node:net:1817:16)
2026-05-12 15:41:06 +08:00:     at listenInCluster (node:net:1865:12)
2026-05-12 15:41:06 +08:00:     at Server.listen (node:net:1953:7)
2026-05-12 15:41:06 +08:00:     at Function.listen (/opt/wxgame-workspace/backend/node_modules/express/lib/application.js:635:24)
2026-05-12 15:41:06 +08:00:     at Object.<anonymous> (/opt/wxgame-workspace/backend/server.js:921:5)
2026-05-12 15:41:06 +08:00:     at Module._compile (node:internal/modules/cjs/loader:1364:14)
2026-05-12 15:41:06 +08:00:     at Module._extensions..js (node:internal/modules/cjs/loader:1422:10)
2026-05-12 15:41:06 +08:00:     at Module.load (node:internal/modules/cjs/loader:1203:32)
2026-05-12 15:41:06 +08:00:     at Module._load (node:internal/modules/cjs/loader:1019:12)
2026-05-12 15:41:06 +08:00:     at Object.<anonymous> (/usr/lib/node_modules/pm2/lib/ProcessContainerFork.js:32:23)
2026-05-12 15:41:06 +08:00:     at Module._compile (node:internal/modules/cjs/loader:1364:14)
2026-05-12 15:41:06 +08:00:     at Module._extensions..js (node:internal/modules/cjs/loader:1422:10)
2026-05-12 15:41:06 +08:00:     at Module.load (node:internal/modules/cjs/loader:1203:32)
2026-05-12 15:41:06 +08:00:     at Module._load (node:internal/modules/cjs/loader:1019:12)
2026-05-12 15:41:06 +08:00:     at Function.executeUserEntryPoint [as runMain] (node:internal/modules/run_main:128:12)
2026-05-12 15:41:06 +08:00:     at node:internal/main/run_main_module:28:49 {
2026-05-12 15:41:06 +08:00:   code: 'EADDRINUSE',
2026-05-12 15:41:06 +08:00:   errno: -98,
2026-05-12 15:41:06 +08:00:   syscall: 'listen',
2026-05-12 15:41:06 +08:00:   address: '::',
2026-05-12 15:41:06 +08:00:   port: 3000
2026-05-12 15:41:06 +08:00: }
2026-05-12 15:41:10 +08:00: Error: listen EADDRINUSE: address already in use :::3000
2026-05-12 15:41:10 +08:00:     at __node_internal_captureLargerStackTrace (node:internal/errors:496:5)
2026-05-12 15:41:10 +08:00:     at __node_internal_uvExceptionWithHostPort (node:internal/errors:593:12)
2026-05-12 15:41:10 +08:00:     at Server.setupListenHandle [as _listen2] (node:net:1817:16)
2026-05-12 15:41:10 +08:00:     at listenInCluster (node:net:1865:12)
2026-05-12 15:41:10 +08:00:     at Server.listen (node:net:1953:7)
2026-05-12 15:41:10 +08:00:     at Function.listen (/opt/wxgame-workspace/backend/node_modules/express/lib/application.js:635:24)
2026-05-12 15:41:10 +08:00:     at Object.<anonymous> (/opt/wxgame-workspace/backend/server.js:921:5)
2026-05-12 15:41:10 +08:00:     at Module._compile (node:internal/modules/cjs/loader:1364:14)
2026-05-12 15:41:10 +08:00:     at Module._extensions..js (node:internal/modules/cjs/loader:1422:10)
2026-05-12 15:41:10 +08:00:     at Module.load (node:internal/modules/cjs/loader:1203:32)
2026-05-12 15:41:10 +08:00:     at Module._load (node:internal/modules/cjs/loader:1019:12)
2026-05-12 15:41:10 +08:00:     at Object.<anonymous> (/usr/lib/node_modules/pm2/lib/ProcessContainerFork.js:32:23)
2026-05-12 15:41:10 +08:00:     at Module._compile (node:internal/modules/cjs/loader:1364:14)
2026-05-12 15:41:10 +08:00:     at Module._extensions..js (node:internal/modules/cjs/loader:1422:10)
2026-05-12 15:41:10 +08:00:     at Module.load (node:internal/modules/cjs/loader:1203:32)
2026-05-12 15:41:10 +08:00:     at Module._load (node:internal/modules/cjs/loader:1019:12)
2026-05-12 15:41:10 +08:00:     at Function.executeUserEntryPoint [as runMain] (node:internal/modules/run_main:128:12)
2026-05-12 15:41:10 +08:00:     at node:internal/main/run_main_module:28:49 {
2026-05-12 15:41:10 +08:00:   code: 'EADDRINUSE',
2026-05-12 15:41:10 +08:00:   errno: -98,
2026-05-12 15:41:10 +08:00:   syscall: 'listen',
2026-05-12 15:41:10 +08:00:   address: '::',
2026-05-12 15:41:10 +08:00:   port: 3000
2026-05-12 15:41:10 +08:00: }
2026-05-12 15:41:13 +08:00: Error: listen EADDRINUSE: address already in use :::3000
2026-05-12 15:41:13 +08:00:     at __node_internal_captureLargerStackTrace (node:internal/errors:496:5)
2026-05-12 15:41:13 +08:00:     at __node_internal_uvExceptionWithHostPort (node:internal/errors:593:12)
2026-05-12 15:41:13 +08:00:     at Server.setupListenHandle [as _listen2] (node:net:1817:16)
2026-05-12 15:41:13 +08:00:     at listenInCluster (node:net:1865:12)
2026-05-12 15:41:13 +08:00:     at Server.listen (node:net:1953:7)
2026-05-12 15:41:13 +08:00:     at Function.listen (/opt/wxgame-workspace/backend/node_modules/express/lib/application.js:635:24)
2026-05-12 15:41:13 +08:00:     at Object.<anonymous> (/opt/wxgame-workspace/backend/server.js:921:5)
2026-05-12 15:41:13 +08:00:     at Module._compile (node:internal/modules/cjs/loader:1364:14)
2026-05-12 15:41:13 +08:00:     at Module._extensions..js (node:internal/modules/cjs/loader:1422:10)
2026-05-12 15:41:13 +08:00:     at Module.load (node:internal/modules/cjs/loader:1203:32)
2026-05-12 15:41:13 +08:00:     at Module._load (node:internal/modules/cjs/loader:1019:12)
2026-05-12 15:41:13 +08:00:     at Object.<anonymous> (/usr/lib/node_modules/pm2/lib/ProcessContainerFork.js:32:23)
2026-05-12 15:41:13 +08:00:     at Module._compile (node:internal/modules/cjs/loader:1364:14)
2026-05-12 15:41:13 +08:00:     at Module._extensions..js (node:internal/modules/cjs/loader:1422:10)
2026-05-12 15:41:13 +08:00:     at Module.load (node:internal/modules/cjs/loader:1203:32)
2026-05-12 15:41:13 +08:00:     at Module._load (node:internal/modules/cjs/loader:1019:12)
2026-05-12 15:41:13 +08:00:     at Function.executeUserEntryPoint [as runMain] (node:internal/modules/run_main:128:12)
2026-05-12 15:41:13 +08:00:     at node:internal/main/run_main_module:28:49 {
2026-05-12 15:41:13 +08:00:   code: 'EADDRINUSE',
2026-05-12 15:41:13 +08:00:   errno: -98,
2026-05-12 15:41:13 +08:00:   syscall: 'listen',
2026-05-12 15:41:13 +08:00:   address: '::',
2026-05-12 15:41:13 +08:00:   port: 3000
2026-05-12 15:41:13 +08:00: }
2026-05-12 15:41:16 +08:00: Error: listen EADDRINUSE: address already in use :::3000
2026-05-12 15:41:16 +08:00:     at __node_internal_captureLargerStackTrace (node:internal/errors:496:5)
2026-05-12 15:41:16 +08:00:     at __node_internal_uvExceptionWithHostPort (node:internal/errors:593:12)
2026-05-12 15:41:16 +08:00:     at Server.setupListenHandle [as _listen2] (node:net:1817:16)
2026-05-12 15:41:16 +08:00:     at listenInCluster (node:net:1865:12)
2026-05-12 15:41:16 +08:00:     at Server.listen (node:net:1953:7)
2026-05-12 15:41:16 +08:00:     at Function.listen (/opt/wxgame-workspace/backend/node_modules/express/lib/application.js:635:24)
2026-05-12 15:41:16 +08:00:     at Object.<anonymous> (/opt/wxgame-workspace/backend/server.js:921:5)
2026-05-12 15:41:16 +08:00:     at Module._compile (node:internal/modules/cjs/loader:1364:14)
2026-05-12 15:41:16 +08:00:     at Module._extensions..js (node:internal/modules/cjs/loader:1422:10)
2026-05-12 15:41:16 +08:00:     at Module.load (node:internal/modules/cjs/loader:1203:32)
2026-05-12 15:41:16 +08:00:     at Module._load (node:internal/modules/cjs/loader:1019:12)
2026-05-12 15:41:16 +08:00:     at Object.<anonymous> (/usr/lib/node_modules/pm2/lib/ProcessContainerFork.js:32:23)
2026-05-12 15:41:16 +08:00:     at Module._compile (node:internal/modules/cjs/loader:1364:14)
2026-05-12 15:41:16 +08:00:     at Module._extensions..js (node:internal/modules/cjs/loader:1422:10)
2026-05-12 15:41:16 +08:00:     at Module.load (node:internal/modules/cjs/loader:1203:32)
2026-05-12 15:41:16 +08:00:     at Module._load (node:internal/modules/cjs/loader:1019:12)
2026-05-12 15:41:16 +08:00:     at Function.executeUserEntryPoint [as runMain] (node:internal/modules/run_main:128:12)
2026-05-12 15:41:16 +08:00:     at node:internal/main/run_main_module:28:49 {
2026-05-12 15:41:16 +08:00:   code: 'EADDRINUSE',
2026-05-12 15:41:16 +08:00:   errno: -98,
2026-05-12 15:41:16 +08:00:   syscall: 'listen',
2026-05-12 15:41:16 +08:00:   address: '::',
2026-05-12 15:41:16 +08:00:   port: 3000
2026-05-12 15:41:16 +08:00: }
2026-05-12 15:41:20 +08:00: Error: listen EADDRINUSE: address already in use :::3000
2026-05-12 15:41:20 +08:00:     at __node_internal_captureLargerStackTrace (node:internal/errors:496:5)
2026-05-12 15:41:20 +08:00:     at __node_internal_uvExceptionWithHostPort (node:internal/errors:593:12)
2026-05-12 15:41:20 +08:00:     at Server.setupListenHandle [as _listen2] (node:net:1817:16)
2026-05-12 15:41:20 +08:00:     at listenInCluster (node:net:1865:12)
2026-05-12 15:41:20 +08:00:     at Server.listen (node:net:1953:7)
2026-05-12 15:41:20 +08:00:     at Function.listen (/opt/wxgame-workspace/backend/node_modules/express/lib/application.js:635:24)
2026-05-12 15:41:20 +08:00:     at Object.<anonymous> (/opt/wxgame-workspace/backend/server.js:921:5)
2026-05-12 15:41:20 +08:00:     at Module._compile (node:internal/modules/cjs/loader:1364:14)
2026-05-12 15:41:20 +08:00:     at Module._extensions..js (node:internal/modules/cjs/loader:1422:10)
2026-05-12 15:41:20 +08:00:     at Module.load (node:internal/modules/cjs/loader:1203:32)
2026-05-12 15:41:20 +08:00:     at Module._load (node:internal/modules/cjs/loader:1019:12)
2026-05-12 15:41:20 +08:00:     at Object.<anonymous> (/usr/lib/node_modules/pm2/lib/ProcessContainerFork.js:32:23)
2026-05-12 15:41:20 +08:00:     at Module._compile (node:internal/modules/cjs/loader:1364:14)
2026-05-12 15:41:20 +08:00:     at Module._extensions..js (node:internal/modules/cjs/loader:1422:10)
2026-05-12 15:41:20 +08:00:     at Module.load (node:internal/modules/cjs/loader:1203:32)
2026-05-12 15:41:20 +08:00:     at Module._load (node:internal/modules/cjs/loader:1019:12)
2026-05-12 15:41:20 +08:00:     at Function.executeUserEntryPoint [as runMain] (node:internal/modules/run_main:128:12)
2026-05-12 15:41:20 +08:00:     at node:internal/main/run_main_module:28:49 {
2026-05-12 15:41:20 +08:00:   code: 'EADDRINUSE',
2026-05-12 15:41:20 +08:00:   errno: -98,
2026-05-12 15:41:20 +08:00:   syscall: 'listen',
2026-05-12 15:41:20 +08:00:   address: '::',
2026-05-12 15:41:20 +08:00:   port: 3000
2026-05-12 15:41:20 +08:00: }
2026-05-12 15:41:23 +08:00: Error: listen EADDRINUSE: address already in use :::3000
2026-05-12 15:41:23 +08:00:     at __node_internal_captureLargerStackTrace (node:internal/errors:496:5)
2026-05-12 15:41:23 +08:00:     at __node_internal_uvExceptionWithHostPort (node:internal/errors:593:12)
2026-05-12 15:41:23 +08:00:     at Server.setupListenHandle [as _listen2] (node:net:1817:16)
2026-05-12 15:41:23 +08:00:     at listenInCluster (node:net:1865:12)
2026-05-12 15:41:23 +08:00:     at Server.listen (node:net:1953:7)
2026-05-12 15:41:23 +08:00:     at Function.listen (/opt/wxgame-workspace/backend/node_modules/express/lib/application.js:635:24)
2026-05-12 15:41:23 +08:00:     at Object.<anonymous> (/opt/wxgame-workspace/backend/server.js:921:5)
2026-05-12 15:41:23 +08:00:     at Module._compile (node:internal/modules/cjs/loader:1364:14)
2026-05-12 15:41:23 +08:00:     at Module._extensions..js (node:internal/modules/cjs/loader:1422:10)
2026-05-12 15:41:23 +08:00:     at Module.load (node:internal/modules/cjs/loader:1203:32)
2026-05-12 15:41:23 +08:00:     at Module._load (node:internal/modules/cjs/loader:1019:12)
2026-05-12 15:41:23 +08:00:     at Object.<anonymous> (/usr/lib/node_modules/pm2/lib/ProcessContainerFork.js:32:23)
2026-05-12 15:41:23 +08:00:     at Module._compile (node:internal/modules/cjs/loader:1364:14)
2026-05-12 15:41:23 +08:00:     at Module._extensions..js (node:internal/modules/cjs/loader:1422:10)
2026-05-12 15:41:23 +08:00:     at Module.load (node:internal/modules/cjs/loader:1203:32)
2026-05-12 15:41:23 +08:00:     at Module._load (node:internal/modules/cjs/loader:1019:12)
2026-05-12 15:41:23 +08:00:     at Function.executeUserEntryPoint [as runMain] (node:internal/modules/run_main:128:12)
2026-05-12 15:41:23 +08:00:     at node:internal/main/run_main_module:28:49 {
2026-05-12 15:41:23 +08:00:   code: 'EADDRINUSE',
2026-05-12 15:41:23 +08:00:   errno: -98,
2026-05-12 15:41:23 +08:00:   syscall: 'listen',
2026-05-12 15:41:23 +08:00:   address: '::',
2026-05-12 15:41:23 +08:00:   port: 3000
2026-05-12 15:41:23 +08:00: }
2026-05-12 15:41:27 +08:00: Error: listen EADDRINUSE: address already in use :::3000
2026-05-12 15:41:27 +08:00:     at __node_internal_captureLargerStackTrace (node:internal/errors:496:5)
2026-05-12 15:41:27 +08:00:     at __node_internal_uvExceptionWithHostPort (node:internal/errors:593:12)
2026-05-12 15:41:27 +08:00:     at Server.setupListenHandle [as _listen2] (node:net:1817:16)
2026-05-12 15:41:27 +08:00:     at listenInCluster (node:net:1865:12)
2026-05-12 15:41:27 +08:00:     at Server.listen (node:net:1953:7)
2026-05-12 15:41:27 +08:00:     at Function.listen (/opt/wxgame-workspace/backend/node_modules/express/lib/application.js:635:24)
2026-05-12 15:41:27 +08:00:     at Object.<anonymous> (/opt/wxgame-workspace/backend/server.js:921:5)
2026-05-12 15:41:27 +08:00:     at Module._compile (node:internal/modules/cjs/loader:1364:14)
2026-05-12 15:41:27 +08:00:     at Module._extensions..js (node:internal/modules/cjs/loader:1422:10)
2026-05-12 15:41:27 +08:00:     at Module.load (node:internal/modules/cjs/loader:1203:32)
2026-05-12 15:41:27 +08:00:     at Module._load (node:internal/modules/cjs/loader:1019:12)
2026-05-12 15:41:27 +08:00:     at Object.<anonymous> (/usr/lib/node_modules/pm2/lib/ProcessContainerFork.js:32:23)
2026-05-12 15:41:27 +08:00:     at Module._compile (node:internal/modules/cjs/loader:1364:14)
2026-05-12 15:41:27 +08:00:     at Module._extensions..js (node:internal/modules/cjs/loader:1422:10)
2026-05-12 15:41:27 +08:00:     at Module.load (node:internal/modules/cjs/loader:1203:32)
2026-05-12 15:41:27 +08:00:     at Module._load (node:internal/modules/cjs/loader:1019:12)
2026-05-12 15:41:27 +08:00:     at Function.executeUserEntryPoint [as runMain] (node:internal/modules/run_main:128:12)
2026-05-12 15:41:27 +08:00:     at node:internal/main/run_main_module:28:49 {
2026-05-12 15:41:27 +08:00:   code: 'EADDRINUSE',
2026-05-12 15:41:27 +08:00:   errno: -98,
2026-05-12 15:41:27 +08:00:   syscall: 'listen',
2026-05-12 15:41:27 +08:00:   address: '::',
2026-05-12 15:41:27 +08:00:   port: 3000
2026-05-12 15:41:27 +08:00: }
2026-05-12 15:41:30 +08:00: Error: listen EADDRINUSE: address already in use :::3000
2026-05-12 15:41:30 +08:00:     at __node_internal_captureLargerStackTrace (node:internal/errors:496:5)
2026-05-12 15:41:30 +08:00:     at __node_internal_uvExceptionWithHostPort (node:internal/errors:593:12)
2026-05-12 15:41:30 +08:00:     at Server.setupListenHandle [as _listen2] (node:net:1817:16)
2026-05-12 15:41:30 +08:00:     at listenInCluster (node:net:1865:12)
2026-05-12 15:41:30 +08:00:     at Server.listen (node:net:1953:7)
2026-05-12 15:41:30 +08:00:     at Function.listen (/opt/wxgame-workspace/backend/node_modules/express/lib/application.js:635:24)
2026-05-12 15:41:30 +08:00:     at Object.<anonymous> (/opt/wxgame-workspace/backend/server.js:921:5)
2026-05-12 15:41:30 +08:00:     at Module._compile (node:internal/modules/cjs/loader:1364:14)
2026-05-12 15:41:30 +08:00:     at Module._extensions..js (node:internal/modules/cjs/loader:1422:10)
2026-05-12 15:41:30 +08:00:     at Module.load (node:internal/modules/cjs/loader:1203:32)
2026-05-12 15:41:30 +08:00:     at Module._load (node:internal/modules/cjs/loader:1019:12)
2026-05-12 15:41:30 +08:00:     at Object.<anonymous> (/usr/lib/node_modules/pm2/lib/ProcessContainerFork.js:32:23)
2026-05-12 15:41:30 +08:00:     at Module._compile (node:internal/modules/cjs/loader:1364:14)
2026-05-12 15:41:30 +08:00:     at Module._extensions..js (node:internal/modules/cjs/loader:1422:10)
2026-05-12 15:41:30 +08:00:     at Module.load (node:internal/modules/cjs/loader:1203:32)
2026-05-12 15:41:30 +08:00:     at Module._load (node:internal/modules/cjs/loader:1019:12)
2026-05-12 15:41:30 +08:00:     at Function.executeUserEntryPoint [as runMain] (node:internal/modules/run_main:128:12)
2026-05-12 15:41:30 +08:00:     at node:internal/main/run_main_module:28:49 {
2026-05-12 15:41:30 +08:00:   code: 'EADDRINUSE',
2026-05-12 15:41:30 +08:00:   errno: -98,
2026-05-12 15:41:30 +08:00:   syscall: 'listen',
2026-05-12 15:41:30 +08:00:   address: '::',
2026-05-12 15:41:30 +08:00:   port: 3000
2026-05-12 15:41:30 +08:00: }
2026-05-12 15:41:34 +08:00: Error: listen EADDRINUSE: address already in use :::3000
2026-05-12 15:41:34 +08:00:     at __node_internal_captureLargerStackTrace (node:internal/errors:496:5)
2026-05-12 15:41:34 +08:00:     at __node_internal_uvExceptionWithHostPort (node:internal/errors:593:12)
2026-05-12 15:41:34 +08:00:     at Server.setupListenHandle [as _listen2] (node:net:1817:16)
2026-05-12 15:41:34 +08:00:     at listenInCluster (node:net:1865:12)
2026-05-12 15:41:34 +08:00:     at Server.listen (node:net:1953:7)
2026-05-12 15:41:34 +08:00:     at Function.listen (/opt/wxgame-workspace/backend/node_modules/express/lib/application.js:635:24)
2026-05-12 15:41:34 +08:00:     at Object.<anonymous> (/opt/wxgame-workspace/backend/server.js:921:5)
2026-05-12 15:41:34 +08:00:     at Module._compile (node:internal/modules/cjs/loader:1364:14)
2026-05-12 15:41:34 +08:00:     at Module._extensions..js (node:internal/modules/cjs/loader:1422:10)
2026-05-12 15:41:34 +08:00:     at Module.load (node:internal/modules/cjs/loader:1203:32)
2026-05-12 15:41:34 +08:00:     at Module._load (node:internal/modules/cjs/loader:1019:12)
2026-05-12 15:41:34 +08:00:     at Object.<anonymous> (/usr/lib/node_modules/pm2/lib/ProcessContainerFork.js:32:23)
2026-05-12 15:41:34 +08:00:     at Module._compile (node:internal/modules/cjs/loader:1364:14)
2026-05-12 15:41:34 +08:00:     at Module._extensions..js (node:internal/modules/cjs/loader:1422:10)
2026-05-12 15:41:34 +08:00:     at Module.load (node:internal/modules/cjs/loader:1203:32)
2026-05-12 15:41:34 +08:00:     at Module._load (node:internal/modules/cjs/loader:1019:12)
2026-05-12 15:41:34 +08:00:     at Function.executeUserEntryPoint [as runMain] (node:internal/modules/run_main:128:12)
2026-05-12 15:41:34 +08:00:     at node:internal/main/run_main_module:28:49 {
2026-05-12 15:41:34 +08:00:   code: 'EADDRINUSE',
2026-05-12 15:41:34 +08:00:   errno: -98,
2026-05-12 15:41:34 +08:00:   syscall: 'listen',
2026-05-12 15:41:34 +08:00:   address: '::',
2026-05-12 15:41:34 +08:00:   port: 3000
2026-05-12 15:41:34 +08:00: }
2026-05-12 15:47:09 +08:00: Error: listen EADDRINUSE: address already in use :::3000
2026-05-12 15:47:09 +08:00:     at __node_internal_captureLargerStackTrace (node:internal/errors:496:5)
2026-05-12 15:47:09 +08:00:     at __node_internal_uvExceptionWithHostPort (node:internal/errors:593:12)
2026-05-12 15:47:09 +08:00:     at Server.setupListenHandle [as _listen2] (node:net:1817:16)
2026-05-12 15:47:09 +08:00:     at listenInCluster (node:net:1865:12)
2026-05-12 15:47:09 +08:00:     at Server.listen (node:net:1953:7)
2026-05-12 15:47:09 +08:00:     at Function.listen (/opt/wxgame-workspace/backend/node_modules/express/lib/application.js:635:24)
2026-05-12 15:47:09 +08:00:     at Object.<anonymous> (/opt/wxgame-workspace/backend/server.js:921:5)
2026-05-12 15:47:09 +08:00:     at Module._compile (node:internal/modules/cjs/loader:1364:14)
2026-05-12 15:47:09 +08:00:     at Module._extensions..js (node:internal/modules/cjs/loader:1422:10)
2026-05-12 15:47:09 +08:00:     at Module.load (node:internal/modules/cjs/loader:1203:32)
2026-05-12 15:47:09 +08:00:     at Module._load (node:internal/modules/cjs/loader:1019:12)
2026-05-12 15:47:09 +08:00:     at Object.<anonymous> (/usr/lib/node_modules/pm2/lib/ProcessContainerFork.js:32:23)
2026-05-12 15:47:09 +08:00:     at Module._compile (node:internal/modules/cjs/loader:1364:14)
2026-05-12 15:47:09 +08:00:     at Module._extensions..js (node:internal/modules/cjs/loader:1422:10)
2026-05-12 15:47:09 +08:00:     at Module.load (node:internal/modules/cjs/loader:1203:32)
2026-05-12 15:47:09 +08:00:     at Module._load (node:internal/modules/cjs/loader:1019:12)
2026-05-12 15:47:09 +08:00:     at Function.executeUserEntryPoint [as runMain] (node:internal/modules/run_main:128:12)
2026-05-12 15:47:09 +08:00:     at node:internal/main/run_main_module:28:49 {
2026-05-12 15:47:09 +08:00:   code: 'EADDRINUSE',
2026-05-12 15:47:09 +08:00:   errno: -98,
2026-05-12 15:47:09 +08:00:   syscall: 'listen',
2026-05-12 15:47:09 +08:00:   address: '::',
2026-05-12 15:47:09 +08:00:   port: 3000
2026-05-12 15:47:09 +08:00: }
2026-05-12 15:47:13 +08:00: Error: listen EADDRINUSE: address already in use :::3000
2026-05-12 15:47:13 +08:00:     at __node_internal_captureLargerStackTrace (node:internal/errors:496:5)
2026-05-12 15:47:13 +08:00:     at __node_internal_uvExceptionWithHostPort (node:internal/errors:593:12)
2026-05-12 15:47:13 +08:00:     at Server.setupListenHandle [as _listen2] (node:net:1817:16)
2026-05-12 15:47:13 +08:00:     at listenInCluster (node:net:1865:12)
2026-05-12 15:47:13 +08:00:     at Server.listen (node:net:1953:7)
2026-05-12 15:47:13 +08:00:     at Function.listen (/opt/wxgame-workspace/backend/node_modules/express/lib/application.js:635:24)
2026-05-12 15:47:13 +08:00:     at Object.<anonymous> (/opt/wxgame-workspace/backend/server.js:921:5)
2026-05-12 15:47:13 +08:00:     at Module._compile (node:internal/modules/cjs/loader:1364:14)
2026-05-12 15:47:13 +08:00:     at Module._extensions..js (node:internal/modules/cjs/loader:1422:10)
2026-05-12 15:47:13 +08:00:     at Module.load (node:internal/modules/cjs/loader:1203:32)
2026-05-12 15:47:13 +08:00:     at Module._load (node:internal/modules/cjs/loader:1019:12)
2026-05-12 15:47:13 +08:00:     at Object.<anonymous> (/usr/lib/node_modules/pm2/lib/ProcessContainerFork.js:32:23)
2026-05-12 15:47:13 +08:00:     at Module._compile (node:internal/modules/cjs/loader:1364:14)
2026-05-12 15:47:13 +08:00:     at Module._extensions..js (node:internal/modules/cjs/loader:1422:10)
2026-05-12 15:47:13 +08:00:     at Module.load (node:internal/modules/cjs/loader:1203:32)
2026-05-12 15:47:13 +08:00:     at Module._load (node:internal/modules/cjs/loader:1019:12)
2026-05-12 15:47:13 +08:00:     at Function.executeUserEntryPoint [as runMain] (node:internal/modules/run_main:128:12)
2026-05-12 15:47:13 +08:00:     at node:internal/main/run_main_module:28:49 {
2026-05-12 15:47:13 +08:00:   code: 'EADDRINUSE',
2026-05-12 15:47:13 +08:00:   errno: -98,
2026-05-12 15:47:13 +08:00:   syscall: 'listen',
2026-05-12 15:47:13 +08:00:   address: '::',
2026-05-12 15:47:13 +08:00:   port: 3000
2026-05-12 15:47:13 +08:00: }
2026-05-12 15:47:16 +08:00: Error: listen EADDRINUSE: address already in use :::3000
2026-05-12 15:47:16 +08:00:     at __node_internal_captureLargerStackTrace (node:internal/errors:496:5)
2026-05-12 15:47:16 +08:00:     at __node_internal_uvExceptionWithHostPort (node:internal/errors:593:12)
2026-05-12 15:47:16 +08:00:     at Server.setupListenHandle [as _listen2] (node:net:1817:16)
2026-05-12 15:47:16 +08:00:     at listenInCluster (node:net:1865:12)
2026-05-12 15:47:16 +08:00:     at Server.listen (node:net:1953:7)
2026-05-12 15:47:16 +08:00:     at Function.listen (/opt/wxgame-workspace/backend/node_modules/express/lib/application.js:635:24)
2026-05-12 15:47:16 +08:00:     at Object.<anonymous> (/opt/wxgame-workspace/backend/server.js:921:5)
2026-05-12 15:47:16 +08:00:     at Module._compile (node:internal/modules/cjs/loader:1364:14)
2026-05-12 15:47:16 +08:00:     at Module._extensions..js (node:internal/modules/cjs/loader:1422:10)
2026-05-12 15:47:16 +08:00:     at Module.load (node:internal/modules/cjs/loader:1203:32)
2026-05-12 15:47:16 +08:00:     at Module._load (node:internal/modules/cjs/loader:1019:12)
2026-05-12 15:47:16 +08:00:     at Object.<anonymous> (/usr/lib/node_modules/pm2/lib/ProcessContainerFork.js:32:23)
2026-05-12 15:47:16 +08:00:     at Module._compile (node:internal/modules/cjs/loader:1364:14)
2026-05-12 15:47:16 +08:00:     at Module._extensions..js (node:internal/modules/cjs/loader:1422:10)
2026-05-12 15:47:16 +08:00:     at Module.load (node:internal/modules/cjs/loader:1203:32)
2026-05-12 15:47:16 +08:00:     at Module._load (node:internal/modules/cjs/loader:1019:12)
2026-05-12 15:47:16 +08:00:     at Function.executeUserEntryPoint [as runMain] (node:internal/modules/run_main:128:12)
2026-05-12 15:47:16 +08:00:     at node:internal/main/run_main_module:28:49 {
2026-05-12 15:47:16 +08:00:   code: 'EADDRINUSE',
2026-05-12 15:47:16 +08:00:   errno: -98,
2026-05-12 15:47:16 +08:00:   syscall: 'listen',
2026-05-12 15:47:16 +08:00:   address: '::',
2026-05-12 15:47:16 +08:00:   port: 3000
2026-05-12 15:47:16 +08:00: }
2026-05-12 15:47:19 +08:00: Error: listen EADDRINUSE: address already in use :::3000
2026-05-12 15:47:19 +08:00:     at __node_internal_captureLargerStackTrace (node:internal/errors:496:5)
2026-05-12 15:47:19 +08:00:     at __node_internal_uvExceptionWithHostPort (node:internal/errors:593:12)
2026-05-12 15:47:19 +08:00:     at Server.setupListenHandle [as _listen2] (node:net:1817:16)
2026-05-12 15:47:19 +08:00:     at listenInCluster (node:net:1865:12)
2026-05-12 15:47:19 +08:00:     at Server.listen (node:net:1953:7)
2026-05-12 15:47:19 +08:00:     at Function.listen (/opt/wxgame-workspace/backend/node_modules/express/lib/application.js:635:24)
2026-05-12 15:47:19 +08:00:     at Object.<anonymous> (/opt/wxgame-workspace/backend/server.js:921:5)
2026-05-12 15:47:19 +08:00:     at Module._compile (node:internal/modules/cjs/loader:1364:14)
2026-05-12 15:47:19 +08:00:     at Module._extensions..js (node:internal/modules/cjs/loader:1422:10)
2026-05-12 15:47:19 +08:00:     at Module.load (node:internal/modules/cjs/loader:1203:32)
2026-05-12 15:47:19 +08:00:     at Module._load (node:internal/modules/cjs/loader:1019:12)
2026-05-12 15:47:19 +08:00:     at Object.<anonymous> (/usr/lib/node_modules/pm2/lib/ProcessContainerFork.js:32:23)
2026-05-12 15:47:19 +08:00:     at Module._compile (node:internal/modules/cjs/loader:1364:14)
2026-05-12 15:47:19 +08:00:     at Module._extensions..js (node:internal/modules/cjs/loader:1422:10)
2026-05-12 15:47:19 +08:00:     at Module.load (node:internal/modules/cjs/loader:1203:32)
2026-05-12 15:47:19 +08:00:     at Module._load (node:internal/modules/cjs/loader:1019:12)
2026-05-12 15:47:19 +08:00:     at Function.executeUserEntryPoint [as runMain] (node:internal/modules/run_main:128:12)
2026-05-12 15:47:19 +08:00:     at node:internal/main/run_main_module:28:49 {
2026-05-12 15:47:19 +08:00:   code: 'EADDRINUSE',
2026-05-12 15:47:19 +08:00:   errno: -98,
2026-05-12 15:47:19 +08:00:   syscall: 'listen',
2026-05-12 15:47:19 +08:00:   address: '::',
2026-05-12 15:47:19 +08:00:   port: 3000
2026-05-12 15:47:19 +08:00: }
2026-05-12 15:47:23 +08:00: Error: listen EADDRINUSE: address already in use :::3000
2026-05-12 15:47:23 +08:00:     at __node_internal_captureLargerStackTrace (node:internal/errors:496:5)
2026-05-12 15:47:23 +08:00:     at __node_internal_uvExceptionWithHostPort (node:internal/errors:593:12)
2026-05-12 15:47:23 +08:00:     at Server.setupListenHandle [as _listen2] (node:net:1817:16)
2026-05-12 15:47:23 +08:00:     at listenInCluster (node:net:1865:12)
2026-05-12 15:47:23 +08:00:     at Server.listen (node:net:1953:7)
2026-05-12 15:47:23 +08:00:     at Function.listen (/opt/wxgame-workspace/backend/node_modules/express/lib/application.js:635:24)
2026-05-12 15:47:23 +08:00:     at Object.<anonymous> (/opt/wxgame-workspace/backend/server.js:921:5)
2026-05-12 15:47:23 +08:00:     at Module._compile (node:internal/modules/cjs/loader:1364:14)
2026-05-12 15:47:23 +08:00:     at Module._extensions..js (node:internal/modules/cjs/loader:1422:10)
2026-05-12 15:47:23 +08:00:     at Module.load (node:internal/modules/cjs/loader:1203:32)
2026-05-12 15:47:23 +08:00:     at Module._load (node:internal/modules/cjs/loader:1019:12)
2026-05-12 15:47:23 +08:00:     at Object.<anonymous> (/usr/lib/node_modules/pm2/lib/ProcessContainerFork.js:32:23)
2026-05-12 15:47:23 +08:00:     at Module._compile (node:internal/modules/cjs/loader:1364:14)
2026-05-12 15:47:23 +08:00:     at Module._extensions..js (node:internal/modules/cjs/loader:1422:10)
2026-05-12 15:47:23 +08:00:     at Module.load (node:internal/modules/cjs/loader:1203:32)
2026-05-12 15:47:23 +08:00:     at Module._load (node:internal/modules/cjs/loader:1019:12)
2026-05-12 15:47:23 +08:00:     at Function.executeUserEntryPoint [as runMain] (node:internal/modules/run_main:128:12)
2026-05-12 15:47:23 +08:00:     at node:internal/main/run_main_module:28:49 {
2026-05-12 15:47:23 +08:00:   code: 'EADDRINUSE',
2026-05-12 15:47:23 +08:00:   errno: -98,
2026-05-12 15:47:23 +08:00:   syscall: 'listen',
2026-05-12 15:47:23 +08:00:   address: '::',
2026-05-12 15:47:23 +08:00:   port: 3000
2026-05-12 15:47:23 +08:00: }
2026-05-12 15:47:26 +08:00: Error: listen EADDRINUSE: address already in use :::3000
2026-05-12 15:47:26 +08:00:     at __node_internal_captureLargerStackTrace (node:internal/errors:496:5)
2026-05-12 15:47:26 +08:00:     at __node_internal_uvExceptionWithHostPort (node:internal/errors:593:12)
2026-05-12 15:47:26 +08:00:     at Server.setupListenHandle [as _listen2] (node:net:1817:16)
2026-05-12 15:47:26 +08:00:     at listenInCluster (node:net:1865:12)
2026-05-12 15:47:26 +08:00:     at Server.listen (node:net:1953:7)
2026-05-12 15:47:26 +08:00:     at Function.listen (/opt/wxgame-workspace/backend/node_modules/express/lib/application.js:635:24)
2026-05-12 15:47:26 +08:00:     at Object.<anonymous> (/opt/wxgame-workspace/backend/server.js:921:5)
2026-05-12 15:47:26 +08:00:     at Module._compile (node:internal/modules/cjs/loader:1364:14)
2026-05-12 15:47:26 +08:00:     at Module._extensions..js (node:internal/modules/cjs/loader:1422:10)
2026-05-12 15:47:26 +08:00:     at Module.load (node:internal/modules/cjs/loader:1203:32)
2026-05-12 15:47:26 +08:00:     at Module._load (node:internal/modules/cjs/loader:1019:12)
2026-05-12 15:47:26 +08:00:     at Object.<anonymous> (/usr/lib/node_modules/pm2/lib/ProcessContainerFork.js:32:23)
2026-05-12 15:47:26 +08:00:     at Module._compile (node:internal/modules/cjs/loader:1364:14)
2026-05-12 15:47:26 +08:00:     at Module._extensions..js (node:internal/modules/cjs/loader:1422:10)
2026-05-12 15:47:26 +08:00:     at Module.load (node:internal/modules/cjs/loader:1203:32)
2026-05-12 15:47:26 +08:00:     at Module._load (node:internal/modules/cjs/loader:1019:12)
2026-05-12 15:47:26 +08:00:     at Function.executeUserEntryPoint [as runMain] (node:internal/modules/run_main:128:12)
2026-05-12 15:47:26 +08:00:     at node:internal/main/run_main_module:28:49 {
2026-05-12 15:47:26 +08:00:   code: 'EADDRINUSE',
2026-05-12 15:47:26 +08:00:   errno: -98,
2026-05-12 15:47:26 +08:00:   syscall: 'listen',
2026-05-12 15:47:26 +08:00:   address: '::',
2026-05-12 15:47:26 +08:00:   port: 3000
2026-05-12 15:47:26 +08:00: }
2026-05-12 15:47:30 +08:00: Error: listen EADDRINUSE: address already in use :::3000
2026-05-12 15:47:30 +08:00:     at __node_internal_captureLargerStackTrace (node:internal/errors:496:5)
2026-05-12 15:47:30 +08:00:     at __node_internal_uvExceptionWithHostPort (node:internal/errors:593:12)
2026-05-12 15:47:30 +08:00:     at Server.setupListenHandle [as _listen2] (node:net:1817:16)
2026-05-12 15:47:30 +08:00:     at listenInCluster (node:net:1865:12)
2026-05-12 15:47:30 +08:00:     at Server.listen (node:net:1953:7)
2026-05-12 15:47:30 +08:00:     at Function.listen (/opt/wxgame-workspace/backend/node_modules/express/lib/application.js:635:24)
2026-05-12 15:47:30 +08:00:     at Object.<anonymous> (/opt/wxgame-workspace/backend/server.js:921:5)
2026-05-12 15:47:30 +08:00:     at Module._compile (node:internal/modules/cjs/loader:1364:14)
2026-05-12 15:47:30 +08:00:     at Module._extensions..js (node:internal/modules/cjs/loader:1422:10)
2026-05-12 15:47:30 +08:00:     at Module.load (node:internal/modules/cjs/loader:1203:32)
2026-05-12 15:47:30 +08:00:     at Module._load (node:internal/modules/cjs/loader:1019:12)
2026-05-12 15:47:30 +08:00:     at Object.<anonymous> (/usr/lib/node_modules/pm2/lib/ProcessContainerFork.js:32:23)
2026-05-12 15:47:30 +08:00:     at Module._compile (node:internal/modules/cjs/loader:1364:14)
2026-05-12 15:47:30 +08:00:     at Module._extensions..js (node:internal/modules/cjs/loader:1422:10)
2026-05-12 15:47:30 +08:00:     at Module.load (node:internal/modules/cjs/loader:1203:32)
2026-05-12 15:47:30 +08:00:     at Module._load (node:internal/modules/cjs/loader:1019:12)
2026-05-12 15:47:30 +08:00:     at Function.executeUserEntryPoint [as runMain] (node:internal/modules/run_main:128:12)
2026-05-12 15:47:30 +08:00:     at node:internal/main/run_main_module:28:49 {
2026-05-12 15:47:30 +08:00:   code: 'EADDRINUSE',
2026-05-12 15:47:30 +08:00:   errno: -98,
2026-05-12 15:47:30 +08:00:   syscall: 'listen',
2026-05-12 15:47:30 +08:00:   address: '::',
2026-05-12 15:47:30 +08:00:   port: 3000
2026-05-12 15:47:30 +08:00: }
2026-05-12 15:47:32 +08:00: Error: listen EADDRINUSE: address already in use :::3000
2026-05-12 15:47:32 +08:00:     at __node_internal_captureLargerStackTrace (node:internal/errors:496:5)
2026-05-12 15:47:32 +08:00:     at __node_internal_uvExceptionWithHostPort (node:internal/errors:593:12)
2026-05-12 15:47:32 +08:00:     at Server.setupListenHandle [as _listen2] (node:net:1817:16)
2026-05-12 15:47:32 +08:00:     at listenInCluster (node:net:1865:12)
2026-05-12 15:47:32 +08:00:     at Server.listen (node:net:1953:7)
2026-05-12 15:47:32 +08:00:     at Function.listen (/opt/wxgame-workspace/backend/node_modules/express/lib/application.js:635:24)
2026-05-12 15:47:32 +08:00:     at Object.<anonymous> (/opt/wxgame-workspace/backend/server.js:921:5)
2026-05-12 15:47:32 +08:00:     at Module._compile (node:internal/modules/cjs/loader:1364:14)
2026-05-12 15:47:32 +08:00:     at Module._extensions..js (node:internal/modules/cjs/loader:1422:10)
2026-05-12 15:47:32 +08:00:     at Module.load (node:internal/modules/cjs/loader:1203:32)
2026-05-12 15:47:32 +08:00:     at Module._load (node:internal/modules/cjs/loader:1019:12)
2026-05-12 15:47:32 +08:00:     at Object.<anonymous> (/usr/lib/node_modules/pm2/lib/ProcessContainerFork.js:32:23)
2026-05-12 15:47:32 +08:00:     at Module._compile (node:internal/modules/cjs/loader:1364:14)
2026-05-12 15:47:32 +08:00:     at Module._extensions..js (node:internal/modules/cjs/loader:1422:10)
2026-05-12 15:47:32 +08:00:     at Module.load (node:internal/modules/cjs/loader:1203:32)
2026-05-12 15:47:32 +08:00:     at Module._load (node:internal/modules/cjs/loader:1019:12)
2026-05-12 15:47:32 +08:00:     at Function.executeUserEntryPoint [as runMain] (node:internal/modules/run_main:128:12)
2026-05-12 15:47:32 +08:00:     at node:internal/main/run_main_module:28:49 {
2026-05-12 15:47:32 +08:00:   code: 'EADDRINUSE',
2026-05-12 15:47:32 +08:00:   errno: -98,
2026-05-12 15:47:32 +08:00:   syscall: 'listen',
2026-05-12 15:47:32 +08:00:   address: '::',
2026-05-12 15:47:32 +08:00:   port: 3000
2026-05-12 15:47:32 +08:00: }
2026-05-12 15:47:36 +08:00: Error: listen EADDRINUSE: address already in use :::3000
2026-05-12 15:47:36 +08:00:     at __node_internal_captureLargerStackTrace (node:internal/errors:496:5)
2026-05-12 15:47:36 +08:00:     at __node_internal_uvExceptionWithHostPort (node:internal/errors:593:12)
2026-05-12 15:47:36 +08:00:     at Server.setupListenHandle [as _listen2] (node:net:1817:16)
2026-05-12 15:47:36 +08:00:     at listenInCluster (node:net:1865:12)
2026-05-12 15:47:36 +08:00:     at Server.listen (node:net:1953:7)
2026-05-12 15:47:36 +08:00:     at Function.listen (/opt/wxgame-workspace/backend/node_modules/express/lib/application.js:635:24)
2026-05-12 15:47:36 +08:00:     at Object.<anonymous> (/opt/wxgame-workspace/backend/server.js:921:5)
2026-05-12 15:47:36 +08:00:     at Module._compile (node:internal/modules/cjs/loader:1364:14)
2026-05-12 15:47:36 +08:00:     at Module._extensions..js (node:internal/modules/cjs/loader:1422:10)
2026-05-12 15:47:36 +08:00:     at Module.load (node:internal/modules/cjs/loader:1203:32)
2026-05-12 15:47:36 +08:00:     at Module._load (node:internal/modules/cjs/loader:1019:12)
2026-05-12 15:47:36 +08:00:     at Object.<anonymous> (/usr/lib/node_modules/pm2/lib/ProcessContainerFork.js:32:23)
2026-05-12 15:47:36 +08:00:     at Module._compile (node:internal/modules/cjs/loader:1364:14)
2026-05-12 15:47:36 +08:00:     at Module._extensions..js (node:internal/modules/cjs/loader:1422:10)
2026-05-12 15:47:36 +08:00:     at Module.load (node:internal/modules/cjs/loader:1203:32)
2026-05-12 15:47:36 +08:00:     at Module._load (node:internal/modules/cjs/loader:1019:12)
2026-05-12 15:47:36 +08:00:     at Function.executeUserEntryPoint [as runMain] (node:internal/modules/run_main:128:12)
2026-05-12 15:47:36 +08:00:     at node:internal/main/run_main_module:28:49 {
2026-05-12 15:47:36 +08:00:   code: 'EADDRINUSE',
2026-05-12 15:47:36 +08:00:   errno: -98,
2026-05-12 15:47:36 +08:00:   syscall: 'listen',
2026-05-12 15:47:36 +08:00:   address: '::',
2026-05-12 15:47:36 +08:00:   port: 3000
2026-05-12 15:47:36 +08:00: }
2026-05-12 15:47:39 +08:00: Error: listen EADDRINUSE: address already in use :::3000
2026-05-12 15:47:39 +08:00:     at __node_internal_captureLargerStackTrace (node:internal/errors:496:5)
2026-05-12 15:47:39 +08:00:     at __node_internal_uvExceptionWithHostPort (node:internal/errors:593:12)
2026-05-12 15:47:39 +08:00:     at Server.setupListenHandle [as _listen2] (node:net:1817:16)
2026-05-12 15:47:39 +08:00:     at listenInCluster (node:net:1865:12)
2026-05-12 15:47:39 +08:00:     at Server.listen (node:net:1953:7)
2026-05-12 15:47:39 +08:00:     at Function.listen (/opt/wxgame-workspace/backend/node_modules/express/lib/application.js:635:24)
2026-05-12 15:47:39 +08:00:     at Object.<anonymous> (/opt/wxgame-workspace/backend/server.js:921:5)
2026-05-12 15:47:39 +08:00:     at Module._compile (node:internal/modules/cjs/loader:1364:14)
2026-05-12 15:47:39 +08:00:     at Module._extensions..js (node:internal/modules/cjs/loader:1422:10)
2026-05-12 15:47:39 +08:00:     at Module.load (node:internal/modules/cjs/loader:1203:32)
2026-05-12 15:47:39 +08:00:     at Module._load (node:internal/modules/cjs/loader:1019:12)
2026-05-12 15:47:39 +08:00:     at Object.<anonymous> (/usr/lib/node_modules/pm2/lib/ProcessContainerFork.js:32:23)
2026-05-12 15:47:39 +08:00:     at Module._compile (node:internal/modules/cjs/loader:1364:14)
2026-05-12 15:47:39 +08:00:     at Module._extensions..js (node:internal/modules/cjs/loader:1422:10)
2026-05-12 15:47:39 +08:00:     at Module.load (node:internal/modules/cjs/loader:1203:32)
2026-05-12 15:47:39 +08:00:     at Module._load (node:internal/modules/cjs/loader:1019:12)
2026-05-12 15:47:39 +08:00:     at Function.executeUserEntryPoint [as runMain] (node:internal/modules/run_main:128:12)
2026-05-12 15:47:39 +08:00:     at node:internal/main/run_main_module:28:49 {
2026-05-12 15:47:39 +08:00:   code: 'EADDRINUSE',
2026-05-12 15:47:39 +08:00:   errno: -98,
2026-05-12 15:47:39 +08:00:   syscall: 'listen',
2026-05-12 15:47:39 +08:00:   address: '::',
2026-05-12 15:47:39 +08:00:   port: 3000
2026-05-12 15:47:39 +08:00: }
2026-05-12 15:47:43 +08:00: Error: listen EADDRINUSE: address already in use :::3000
2026-05-12 15:47:43 +08:00:     at __node_internal_captureLargerStackTrace (node:internal/errors:496:5)
2026-05-12 15:47:43 +08:00:     at __node_internal_uvExceptionWithHostPort (node:internal/errors:593:12)
2026-05-12 15:47:43 +08:00:     at Server.setupListenHandle [as _listen2] (node:net:1817:16)
2026-05-12 15:47:43 +08:00:     at listenInCluster (node:net:1865:12)
2026-05-12 15:47:43 +08:00:     at Server.listen (node:net:1953:7)
2026-05-12 15:47:43 +08:00:     at Function.listen (/opt/wxgame-workspace/backend/node_modules/express/lib/application.js:635:24)
2026-05-12 15:47:43 +08:00:     at Object.<anonymous> (/opt/wxgame-workspace/backend/server.js:921:5)
2026-05-12 15:47:43 +08:00:     at Module._compile (node:internal/modules/cjs/loader:1364:14)
2026-05-12 15:47:43 +08:00:     at Module._extensions..js (node:internal/modules/cjs/loader:1422:10)
2026-05-12 15:47:43 +08:00:     at Module.load (node:internal/modules/cjs/loader:1203:32)
2026-05-12 15:47:43 +08:00:     at Module._load (node:internal/modules/cjs/loader:1019:12)
2026-05-12 15:47:43 +08:00:     at Object.<anonymous> (/usr/lib/node_modules/pm2/lib/ProcessContainerFork.js:32:23)
2026-05-12 15:47:43 +08:00:     at Module._compile (node:internal/modules/cjs/loader:1364:14)
2026-05-12 15:47:43 +08:00:     at Module._extensions..js (node:internal/modules/cjs/loader:1422:10)
2026-05-12 15:47:43 +08:00:     at Module.load (node:internal/modules/cjs/loader:1203:32)
2026-05-12 15:47:43 +08:00:     at Module._load (node:internal/modules/cjs/loader:1019:12)
2026-05-12 15:47:43 +08:00:     at Function.executeUserEntryPoint [as runMain] (node:internal/modules/run_main:128:12)
2026-05-12 15:47:43 +08:00:     at node:internal/main/run_main_module:28:49 {
2026-05-12 15:47:43 +08:00:   code: 'EADDRINUSE',
2026-05-12 15:47:43 +08:00:   errno: -98,
2026-05-12 15:47:43 +08:00:   syscall: 'listen',
2026-05-12 15:47:43 +08:00:   address: '::',
2026-05-12 15:47:43 +08:00:   port: 3000
2026-05-12 15:47:43 +08:00: }
2026-05-12 15:47:46 +08:00: Error: listen EADDRINUSE: address already in use :::3000
2026-05-12 15:47:46 +08:00:     at __node_internal_captureLargerStackTrace (node:internal/errors:496:5)
2026-05-12 15:47:46 +08:00:     at __node_internal_uvExceptionWithHostPort (node:internal/errors:593:12)
2026-05-12 15:47:46 +08:00:     at Server.setupListenHandle [as _listen2] (node:net:1817:16)
2026-05-12 15:47:46 +08:00:     at listenInCluster (node:net:1865:12)
2026-05-12 15:47:46 +08:00:     at Server.listen (node:net:1953:7)
2026-05-12 15:47:46 +08:00:     at Function.listen (/opt/wxgame-workspace/backend/node_modules/express/lib/application.js:635:24)
2026-05-12 15:47:46 +08:00:     at Object.<anonymous> (/opt/wxgame-workspace/backend/server.js:921:5)
2026-05-12 15:47:46 +08:00:     at Module._compile (node:internal/modules/cjs/loader:1364:14)
2026-05-12 15:47:46 +08:00:     at Module._extensions..js (node:internal/modules/cjs/loader:1422:10)
2026-05-12 15:47:46 +08:00:     at Module.load (node:internal/modules/cjs/loader:1203:32)
2026-05-12 15:47:46 +08:00:     at Module._load (node:internal/modules/cjs/loader:1019:12)
2026-05-12 15:47:46 +08:00:     at Object.<anonymous> (/usr/lib/node_modules/pm2/lib/ProcessContainerFork.js:32:23)
2026-05-12 15:47:46 +08:00:     at Module._compile (node:internal/modules/cjs/loader:1364:14)
2026-05-12 15:47:46 +08:00:     at Module._extensions..js (node:internal/modules/cjs/loader:1422:10)
2026-05-12 15:47:46 +08:00:     at Module.load (node:internal/modules/cjs/loader:1203:32)
2026-05-12 15:47:46 +08:00:     at Module._load (node:internal/modules/cjs/loader:1019:12)
2026-05-12 15:47:46 +08:00:     at Function.executeUserEntryPoint [as runMain] (node:internal/modules/run_main:128:12)
2026-05-12 15:47:46 +08:00:     at node:internal/main/run_main_module:28:49 {
2026-05-12 15:47:46 +08:00:   code: 'EADDRINUSE',
2026-05-12 15:47:46 +08:00:   errno: -98,
2026-05-12 15:47:46 +08:00:   syscall: 'listen',
2026-05-12 15:47:46 +08:00:   address: '::',
2026-05-12 15:47:46 +08:00:   port: 3000
2026-05-12 15:47:46 +08:00: }
2026-05-12 15:47:49 +08:00: Error: listen EADDRINUSE: address already in use :::3000
2026-05-12 15:47:49 +08:00:     at __node_internal_captureLargerStackTrace (node:internal/errors:496:5)
2026-05-12 15:47:49 +08:00:     at __node_internal_uvExceptionWithHostPort (node:internal/errors:593:12)
2026-05-12 15:47:49 +08:00:     at Server.setupListenHandle [as _listen2] (node:net:1817:16)
2026-05-12 15:47:49 +08:00:     at listenInCluster (node:net:1865:12)
2026-05-12 15:47:49 +08:00:     at Server.listen (node:net:1953:7)
2026-05-12 15:47:49 +08:00:     at Function.listen (/opt/wxgame-workspace/backend/node_modules/express/lib/application.js:635:24)
2026-05-12 15:47:49 +08:00:     at Object.<anonymous> (/opt/wxgame-workspace/backend/server.js:921:5)
2026-05-12 15:47:49 +08:00:     at Module._compile (node:internal/modules/cjs/loader:1364:14)
2026-05-12 15:47:49 +08:00:     at Module._extensions..js (node:internal/modules/cjs/loader:1422:10)
2026-05-12 15:47:49 +08:00:     at Module.load (node:internal/modules/cjs/loader:1203:32)
2026-05-12 15:47:49 +08:00:     at Module._load (node:internal/modules/cjs/loader:1019:12)
2026-05-12 15:47:49 +08:00:     at Object.<anonymous> (/usr/lib/node_modules/pm2/lib/ProcessContainerFork.js:32:23)
2026-05-12 15:47:49 +08:00:     at Module._compile (node:internal/modules/cjs/loader:1364:14)
2026-05-12 15:47:49 +08:00:     at Module._extensions..js (node:internal/modules/cjs/loader:1422:10)
2026-05-12 15:47:49 +08:00:     at Module.load (node:internal/modules/cjs/loader:1203:32)
2026-05-12 15:47:49 +08:00:     at Module._load (node:internal/modules/cjs/loader:1019:12)
2026-05-12 15:47:49 +08:00:     at Function.executeUserEntryPoint [as runMain] (node:internal/modules/run_main:128:12)
2026-05-12 15:47:49 +08:00:     at node:internal/main/run_main_module:28:49 {
2026-05-12 15:47:49 +08:00:   code: 'EADDRINUSE',
2026-05-12 15:47:49 +08:00:   errno: -98,
2026-05-12 15:47:49 +08:00:   syscall: 'listen',
2026-05-12 15:47:49 +08:00:   address: '::',
2026-05-12 15:47:49 +08:00:   port: 3000
2026-05-12 15:47:49 +08:00: }
2026-05-12 15:47:53 +08:00: Error: listen EADDRINUSE: address already in use :::3000
2026-05-12 15:47:53 +08:00:     at __node_internal_captureLargerStackTrace (node:internal/errors:496:5)
2026-05-12 15:47:53 +08:00:     at __node_internal_uvExceptionWithHostPort (node:internal/errors:593:12)
2026-05-12 15:47:53 +08:00:     at Server.setupListenHandle [as _listen2] (node:net:1817:16)
2026-05-12 15:47:53 +08:00:     at listenInCluster (node:net:1865:12)
2026-05-12 15:47:53 +08:00:     at Server.listen (node:net:1953:7)
2026-05-12 15:47:53 +08:00:     at Function.listen (/opt/wxgame-workspace/backend/node_modules/express/lib/application.js:635:24)
2026-05-12 15:47:53 +08:00:     at Object.<anonymous> (/opt/wxgame-workspace/backend/server.js:921:5)
2026-05-12 15:47:53 +08:00:     at Module._compile (node:internal/modules/cjs/loader:1364:14)
2026-05-12 15:47:53 +08:00:     at Module._extensions..js (node:internal/modules/cjs/loader:1422:10)
2026-05-12 15:47:53 +08:00:     at Module.load (node:internal/modules/cjs/loader:1203:32)
2026-05-12 15:47:53 +08:00:     at Module._load (node:internal/modules/cjs/loader:1019:12)
2026-05-12 15:47:53 +08:00:     at Object.<anonymous> (/usr/lib/node_modules/pm2/lib/ProcessContainerFork.js:32:23)
2026-05-12 15:47:53 +08:00:     at Module._compile (node:internal/modules/cjs/loader:1364:14)
2026-05-12 15:47:53 +08:00:     at Module._extensions..js (node:internal/modules/cjs/loader:1422:10)
2026-05-12 15:47:53 +08:00:     at Module.load (node:internal/modules/cjs/loader:1203:32)
2026-05-12 15:47:53 +08:00:     at Module._load (node:internal/modules/cjs/loader:1019:12)
2026-05-12 15:47:53 +08:00:     at Function.executeUserEntryPoint [as runMain] (node:internal/modules/run_main:128:12)
2026-05-12 15:47:53 +08:00:     at node:internal/main/run_main_module:28:49 {
2026-05-12 15:47:53 +08:00:   code: 'EADDRINUSE',
2026-05-12 15:47:53 +08:00:   errno: -98,
2026-05-12 15:47:53 +08:00:   syscall: 'listen',
2026-05-12 15:47:53 +08:00:   address: '::',
2026-05-12 15:47:53 +08:00:   port: 3000
2026-05-12 15:47:53 +08:00: }
2026-05-12 15:47:56 +08:00: Error: listen EADDRINUSE: address already in use :::3000
2026-05-12 15:47:56 +08:00:     at __node_internal_captureLargerStackTrace (node:internal/errors:496:5)
2026-05-12 15:47:56 +08:00:     at __node_internal_uvExceptionWithHostPort (node:internal/errors:593:12)
2026-05-12 15:47:56 +08:00:     at Server.setupListenHandle [as _listen2] (node:net:1817:16)
2026-05-12 15:47:56 +08:00:     at listenInCluster (node:net:1865:12)
2026-05-12 15:47:56 +08:00:     at Server.listen (node:net:1953:7)
2026-05-12 15:47:56 +08:00:     at Function.listen (/opt/wxgame-workspace/backend/node_modules/express/lib/application.js:635:24)
2026-05-12 15:47:56 +08:00:     at Object.<anonymous> (/opt/wxgame-workspace/backend/server.js:921:5)
2026-05-12 15:47:56 +08:00:     at Module._compile (node:internal/modules/cjs/loader:1364:14)
2026-05-12 15:47:56 +08:00:     at Module._extensions..js (node:internal/modules/cjs/loader:1422:10)
2026-05-12 15:47:56 +08:00:     at Module.load (node:internal/modules/cjs/loader:1203:32)
2026-05-12 15:47:56 +08:00:     at Module._load (node:internal/modules/cjs/loader:1019:12)
2026-05-12 15:47:56 +08:00:     at Object.<anonymous> (/usr/lib/node_modules/pm2/lib/ProcessContainerFork.js:32:23)
2026-05-12 15:47:56 +08:00:     at Module._compile (node:internal/modules/cjs/loader:1364:14)
2026-05-12 15:47:56 +08:00:     at Module._extensions..js (node:internal/modules/cjs/loader:1422:10)
2026-05-12 15:47:56 +08:00:     at Module.load (node:internal/modules/cjs/loader:1203:32)
2026-05-12 15:47:56 +08:00:     at Module._load (node:internal/modules/cjs/loader:1019:12)
2026-05-12 15:47:56 +08:00:     at Function.executeUserEntryPoint [as runMain] (node:internal/modules/run_main:128:12)
2026-05-12 15:47:56 +08:00:     at node:internal/main/run_main_module:28:49 {
2026-05-12 15:47:56 +08:00:   code: 'EADDRINUSE',
2026-05-12 15:47:56 +08:00:   errno: -98,
2026-05-12 15:47:56 +08:00:   syscall: 'listen',
2026-05-12 15:47:56 +08:00:   address: '::',
2026-05-12 15:47:56 +08:00:   port: 3000
2026-05-12 15:47:56 +08:00: }
2026-05-12 15:48:00 +08:00: Error: listen EADDRINUSE: address already in use :::3000
2026-05-12 15:48:00 +08:00:     at __node_internal_captureLargerStackTrace (node:internal/errors:496:5)
2026-05-12 15:48:00 +08:00:     at __node_internal_uvExceptionWithHostPort (node:internal/errors:593:12)
2026-05-12 15:48:00 +08:00:     at Server.setupListenHandle [as _listen2] (node:net:1817:16)
2026-05-12 15:48:00 +08:00:     at listenInCluster (node:net:1865:12)
2026-05-12 15:48:00 +08:00:     at Server.listen (node:net:1953:7)
2026-05-12 15:48:00 +08:00:     at Function.listen (/opt/wxgame-workspace/backend/node_modules/express/lib/application.js:635:24)
2026-05-12 15:48:00 +08:00:     at Object.<anonymous> (/opt/wxgame-workspace/backend/server.js:921:5)
2026-05-12 15:48:00 +08:00:     at Module._compile (node:internal/modules/cjs/loader:1364:14)
2026-05-12 15:48:00 +08:00:     at Module._extensions..js (node:internal/modules/cjs/loader:1422:10)
2026-05-12 15:48:00 +08:00:     at Module.load (node:internal/modules/cjs/loader:1203:32)
2026-05-12 15:48:00 +08:00:     at Module._load (node:internal/modules/cjs/loader:1019:12)
2026-05-12 15:48:00 +08:00:     at Object.<anonymous> (/usr/lib/node_modules/pm2/lib/ProcessContainerFork.js:32:23)
2026-05-12 15:48:00 +08:00:     at Module._compile (node:internal/modules/cjs/loader:1364:14)
2026-05-12 15:48:00 +08:00:     at Module._extensions..js (node:internal/modules/cjs/loader:1422:10)
2026-05-12 15:48:00 +08:00:     at Module.load (node:internal/modules/cjs/loader:1203:32)
2026-05-12 15:48:00 +08:00:     at Module._load (node:internal/modules/cjs/loader:1019:12)
2026-05-12 15:48:00 +08:00:     at Function.executeUserEntryPoint [as runMain] (node:internal/modules/run_main:128:12)
2026-05-12 15:48:00 +08:00:     at node:internal/main/run_main_module:28:49 {
2026-05-12 15:48:00 +08:00:   code: 'EADDRINUSE',
2026-05-12 15:48:00 +08:00:   errno: -98,
2026-05-12 15:48:00 +08:00:   syscall: 'listen',
2026-05-12 15:48:00 +08:00:   address: '::',
2026-05-12 15:48:00 +08:00:   port: 3000
2026-05-12 15:48:00 +08:00: }
2026-05-12 15:48:03 +08:00: Error: listen EADDRINUSE: address already in use :::3000
2026-05-12 15:48:03 +08:00:     at __node_internal_captureLargerStackTrace (node:internal/errors:496:5)
2026-05-12 15:48:03 +08:00:     at __node_internal_uvExceptionWithHostPort (node:internal/errors:593:12)
2026-05-12 15:48:03 +08:00:     at Server.setupListenHandle [as _listen2] (node:net:1817:16)
2026-05-12 15:48:03 +08:00:     at listenInCluster (node:net:1865:12)
2026-05-12 15:48:03 +08:00:     at Server.listen (node:net:1953:7)
2026-05-12 15:48:03 +08:00:     at Function.listen (/opt/wxgame-workspace/backend/node_modules/express/lib/application.js:635:24)
2026-05-12 15:48:03 +08:00:     at Object.<anonymous> (/opt/wxgame-workspace/backend/server.js:921:5)
2026-05-12 15:48:03 +08:00:     at Module._compile (node:internal/modules/cjs/loader:1364:14)
2026-05-12 15:48:03 +08:00:     at Module._extensions..js (node:internal/modules/cjs/loader:1422:10)
2026-05-12 15:48:03 +08:00:     at Module.load (node:internal/modules/cjs/loader:1203:32)
2026-05-12 15:48:03 +08:00:     at Module._load (node:internal/modules/cjs/loader:1019:12)
2026-05-12 15:48:03 +08:00:     at Object.<anonymous> (/usr/lib/node_modules/pm2/lib/ProcessContainerFork.js:32:23)
2026-05-12 15:48:03 +08:00:     at Module._compile (node:internal/modules/cjs/loader:1364:14)
2026-05-12 15:48:03 +08:00:     at Module._extensions..js (node:internal/modules/cjs/loader:1422:10)
2026-05-12 15:48:03 +08:00:     at Module.load (node:internal/modules/cjs/loader:1203:32)
2026-05-12 15:48:03 +08:00:     at Module._load (node:internal/modules/cjs/loader:1019:12)
2026-05-12 15:48:03 +08:00:     at Function.executeUserEntryPoint [as runMain] (node:internal/modules/run_main:128:12)
2026-05-12 15:48:03 +08:00:     at node:internal/main/run_main_module:28:49 {
2026-05-12 15:48:03 +08:00:   code: 'EADDRINUSE',
2026-05-12 15:48:03 +08:00:   errno: -98,
2026-05-12 15:48:03 +08:00:   syscall: 'listen',
2026-05-12 15:48:03 +08:00:   address: '::',
2026-05-12 15:48:03 +08:00:   port: 3000
2026-05-12 15:48:03 +08:00: }
2026-05-12 18:25:19 +08:00: Error: Cannot find module 'bcryptjs'
2026-05-12 18:25:19 +08:00: Require stack:
2026-05-12 18:25:19 +08:00: - /opt/wxgame-workspace/backend/server.js
2026-05-12 18:25:19 +08:00:     at Module._resolveFilename (node:internal/modules/cjs/loader:1140:15)
2026-05-12 18:25:19 +08:00:     at Module._load (node:internal/modules/cjs/loader:981:27)
2026-05-12 18:25:19 +08:00:     at Module.require (node:internal/modules/cjs/loader:1231:19)
2026-05-12 18:25:19 +08:00:     at require (node:internal/modules/helpers:177:18)
2026-05-12 18:25:19 +08:00:     at Object.<anonymous> (/opt/wxgame-workspace/backend/server.js:4:16)
2026-05-12 18:25:19 +08:00:     at Module._compile (node:internal/modules/cjs/loader:1364:14)
2026-05-12 18:25:19 +08:00:     at Module._extensions..js (node:internal/modules/cjs/loader:1422:10)
2026-05-12 18:25:19 +08:00:     at Module.load (node:internal/modules/cjs/loader:1203:32)
2026-05-12 18:25:19 +08:00:     at Module._load (node:internal/modules/cjs/loader:1019:12)
2026-05-12 18:25:19 +08:00:     at Object.<anonymous> (/usr/lib/node_modules/pm2/lib/ProcessContainerFork.js:32:23) {
2026-05-12 18:25:19 +08:00:   code: 'MODULE_NOT_FOUND',
2026-05-12 18:25:19 +08:00:   requireStack: [ '/opt/wxgame-workspace/backend/server.js' ]
2026-05-12 18:25:19 +08:00: }
2026-05-12 18:25:23 +08:00: Error: Cannot find module 'bcryptjs'
2026-05-12 18:25:23 +08:00: Require stack:
2026-05-12 18:25:23 +08:00: - /opt/wxgame-workspace/backend/server.js
2026-05-12 18:25:23 +08:00:     at Module._resolveFilename (node:internal/modules/cjs/loader:1140:15)
2026-05-12 18:25:23 +08:00:     at Module._load (node:internal/modules/cjs/loader:981:27)
2026-05-12 18:25:23 +08:00:     at Module.require (node:internal/modules/cjs/loader:1231:19)
2026-05-12 18:25:23 +08:00:     at require (node:internal/modules/helpers:177:18)
2026-05-12 18:25:23 +08:00:     at Object.<anonymous> (/opt/wxgame-workspace/backend/server.js:4:16)
2026-05-12 18:25:23 +08:00:     at Module._compile (node:internal/modules/cjs/loader:1364:14)
2026-05-12 18:25:23 +08:00:     at Module._extensions..js (node:internal/modules/cjs/loader:1422:10)
2026-05-12 18:25:23 +08:00:     at Module.load (node:internal/modules/cjs/loader:1203:32)
2026-05-12 18:25:23 +08:00:     at Module._load (node:internal/modules/cjs/loader:1019:12)
2026-05-12 18:25:23 +08:00:     at Object.<anonymous> (/usr/lib/node_modules/pm2/lib/ProcessContainerFork.js:32:23) {
2026-05-12 18:25:23 +08:00:   code: 'MODULE_NOT_FOUND',
2026-05-12 18:25:23 +08:00:   requireStack: [ '/opt/wxgame-workspace/backend/server.js' ]
2026-05-12 18:25:23 +08:00: }
2026-05-12 18:25:26 +08:00: Error: Cannot find module 'bcryptjs'
2026-05-12 18:25:26 +08:00: Require stack:
2026-05-12 18:25:26 +08:00: - /opt/wxgame-workspace/backend/server.js
2026-05-12 18:25:26 +08:00:     at Module._resolveFilename (node:internal/modules/cjs/loader:1140:15)
2026-05-12 18:25:26 +08:00:     at Module._load (node:internal/modules/cjs/loader:981:27)
2026-05-12 18:25:26 +08:00:     at Module.require (node:internal/modules/cjs/loader:1231:19)
2026-05-12 18:25:26 +08:00:     at require (node:internal/modules/helpers:177:18)
2026-05-12 18:25:26 +08:00:     at Object.<anonymous> (/opt/wxgame-workspace/backend/server.js:4:16)
2026-05-12 18:25:26 +08:00:     at Module._compile (node:internal/modules/cjs/loader:1364:14)
2026-05-12 18:25:26 +08:00:     at Module._extensions..js (node:internal/modules/cjs/loader:1422:10)
2026-05-12 18:25:26 +08:00:     at Module.load (node:internal/modules/cjs/loader:1203:32)
2026-05-12 18:25:26 +08:00:     at Module._load (node:internal/modules/cjs/loader:1019:12)
2026-05-12 18:25:26 +08:00:     at Object.<anonymous> (/usr/lib/node_modules/pm2/lib/ProcessContainerFork.js:32:23) {
2026-05-12 18:25:26 +08:00:   code: 'MODULE_NOT_FOUND',
2026-05-12 18:25:26 +08:00:   requireStack: [ '/opt/wxgame-workspace/backend/server.js' ]
2026-05-12 18:25:26 +08:00: }
2026-05-12 18:25:30 +08:00: Error: Cannot find module 'bcryptjs'
2026-05-12 18:25:30 +08:00: Require stack:
2026-05-12 18:25:30 +08:00: - /opt/wxgame-workspace/backend/server.js
2026-05-12 18:25:30 +08:00:     at Module._resolveFilename (node:internal/modules/cjs/loader:1140:15)
2026-05-12 18:25:30 +08:00:     at Module._load (node:internal/modules/cjs/loader:981:27)
2026-05-12 18:25:30 +08:00:     at Module.require (node:internal/modules/cjs/loader:1231:19)
2026-05-12 18:25:30 +08:00:     at require (node:internal/modules/helpers:177:18)
2026-05-12 18:25:30 +08:00:     at Object.<anonymous> (/opt/wxgame-workspace/backend/server.js:4:16)
2026-05-12 18:25:30 +08:00:     at Module._compile (node:internal/modules/cjs/loader:1364:14)
2026-05-12 18:25:30 +08:00:     at Module._extensions..js (node:internal/modules/cjs/loader:1422:10)
2026-05-12 18:25:30 +08:00:     at Module.load (node:internal/modules/cjs/loader:1203:32)
2026-05-12 18:25:30 +08:00:     at Module._load (node:internal/modules/cjs/loader:1019:12)
2026-05-12 18:25:30 +08:00:     at Object.<anonymous> (/usr/lib/node_modules/pm2/lib/ProcessContainerFork.js:32:23) {
2026-05-12 18:25:30 +08:00:   code: 'MODULE_NOT_FOUND',
2026-05-12 18:25:30 +08:00:   requireStack: [ '/opt/wxgame-workspace/backend/server.js' ]
2026-05-12 18:25:30 +08:00: }
2026-05-12 18:25:33 +08:00: Error: Cannot find module 'bcryptjs'
2026-05-12 18:25:33 +08:00: Require stack:
2026-05-12 18:25:33 +08:00: - /opt/wxgame-workspace/backend/server.js
2026-05-12 18:25:33 +08:00:     at Module._resolveFilename (node:internal/modules/cjs/loader:1140:15)
2026-05-12 18:25:33 +08:00:     at Module._load (node:internal/modules/cjs/loader:981:27)
2026-05-12 18:25:33 +08:00:     at Module.require (node:internal/modules/cjs/loader:1231:19)
2026-05-12 18:25:33 +08:00:     at require (node:internal/modules/helpers:177:18)
2026-05-12 18:25:33 +08:00:     at Object.<anonymous> (/opt/wxgame-workspace/backend/server.js:4:16)
2026-05-12 18:25:33 +08:00:     at Module._compile (node:internal/modules/cjs/loader:1364:14)
2026-05-12 18:25:33 +08:00:     at Module._extensions..js (node:internal/modules/cjs/loader:1422:10)
2026-05-12 18:25:33 +08:00:     at Module.load (node:internal/modules/cjs/loader:1203:32)
2026-05-12 18:25:33 +08:00:     at Module._load (node:internal/modules/cjs/loader:1019:12)
2026-05-12 18:25:33 +08:00:     at Object.<anonymous> (/usr/lib/node_modules/pm2/lib/ProcessContainerFork.js:32:23) {
2026-05-12 18:25:33 +08:00:   code: 'MODULE_NOT_FOUND',
2026-05-12 18:25:33 +08:00:   requireStack: [ '/opt/wxgame-workspace/backend/server.js' ]
2026-05-12 18:25:33 +08:00: }
2026-05-12 18:25:36 +08:00: Error: Cannot find module 'bcryptjs'
2026-05-12 18:25:36 +08:00: Require stack:
2026-05-12 18:25:36 +08:00: - /opt/wxgame-workspace/backend/server.js
2026-05-12 18:25:36 +08:00:     at Module._resolveFilename (node:internal/modules/cjs/loader:1140:15)
2026-05-12 18:25:36 +08:00:     at Module._load (node:internal/modules/cjs/loader:981:27)
2026-05-12 18:25:36 +08:00:     at Module.require (node:internal/modules/cjs/loader:1231:19)
2026-05-12 18:25:36 +08:00:     at require (node:internal/modules/helpers:177:18)
2026-05-12 18:25:36 +08:00:     at Object.<anonymous> (/opt/wxgame-workspace/backend/server.js:4:16)
2026-05-12 18:25:36 +08:00:     at Module._compile (node:internal/modules/cjs/loader:1364:14)
2026-05-12 18:25:36 +08:00:     at Module._extensions..js (node:internal/modules/cjs/loader:1422:10)
2026-05-12 18:25:36 +08:00:     at Module.load (node:internal/modules/cjs/loader:1203:32)
2026-05-12 18:25:36 +08:00:     at Module._load (node:internal/modules/cjs/loader:1019:12)
2026-05-12 18:25:36 +08:00:     at Object.<anonymous> (/usr/lib/node_modules/pm2/lib/ProcessContainerFork.js:32:23) {
2026-05-12 18:25:36 +08:00:   code: 'MODULE_NOT_FOUND',
2026-05-12 18:25:36 +08:00:   requireStack: [ '/opt/wxgame-workspace/backend/server.js' ]
2026-05-12 18:25:36 +08:00: }
2026-05-12 18:25:40 +08:00: Error: Cannot find module 'bcryptjs'
2026-05-12 18:25:40 +08:00: Require stack:
2026-05-12 18:25:40 +08:00: - /opt/wxgame-workspace/backend/server.js
2026-05-12 18:25:40 +08:00:     at Module._resolveFilename (node:internal/modules/cjs/loader:1140:15)
2026-05-12 18:25:40 +08:00:     at Module._load (node:internal/modules/cjs/loader:981:27)
2026-05-12 18:25:40 +08:00:     at Module.require (node:internal/modules/cjs/loader:1231:19)
2026-05-12 18:25:40 +08:00:     at require (node:internal/modules/helpers:177:18)
2026-05-12 18:25:40 +08:00:     at Object.<anonymous> (/opt/wxgame-workspace/backend/server.js:4:16)
2026-05-12 18:25:40 +08:00:     at Module._compile (node:internal/modules/cjs/loader:1364:14)
2026-05-12 18:25:40 +08:00:     at Module._extensions..js (node:internal/modules/cjs/loader:1422:10)
2026-05-12 18:25:40 +08:00:     at Module.load (node:internal/modules/cjs/loader:1203:32)
2026-05-12 18:25:40 +08:00:     at Module._load (node:internal/modules/cjs/loader:1019:12)
2026-05-12 18:25:40 +08:00:     at Object.<anonymous> (/usr/lib/node_modules/pm2/lib/ProcessContainerFork.js:32:23) {
2026-05-12 18:25:40 +08:00:   code: 'MODULE_NOT_FOUND',
2026-05-12 18:25:40 +08:00:   requireStack: [ '/opt/wxgame-workspace/backend/server.js' ]
2026-05-12 18:25:40 +08:00: }
2026-05-12 18:25:43 +08:00: Error: Cannot find module 'bcryptjs'
2026-05-12 18:25:43 +08:00: Require stack:
2026-05-12 18:25:43 +08:00: - /opt/wxgame-workspace/backend/server.js
2026-05-12 18:25:43 +08:00:     at Module._resolveFilename (node:internal/modules/cjs/loader:1140:15)
2026-05-12 18:25:43 +08:00:     at Module._load (node:internal/modules/cjs/loader:981:27)
2026-05-12 18:25:43 +08:00:     at Module.require (node:internal/modules/cjs/loader:1231:19)
2026-05-12 18:25:43 +08:00:     at require (node:internal/modules/helpers:177:18)
2026-05-12 18:25:43 +08:00:     at Object.<anonymous> (/opt/wxgame-workspace/backend/server.js:4:16)
2026-05-12 18:25:43 +08:00:     at Module._compile (node:internal/modules/cjs/loader:1364:14)
2026-05-12 18:25:43 +08:00:     at Module._extensions..js (node:internal/modules/cjs/loader:1422:10)
2026-05-12 18:25:43 +08:00:     at Module.load (node:internal/modules/cjs/loader:1203:32)
2026-05-12 18:25:43 +08:00:     at Module._load (node:internal/modules/cjs/loader:1019:12)
2026-05-12 18:25:43 +08:00:     at Object.<anonymous> (/usr/lib/node_modules/pm2/lib/ProcessContainerFork.js:32:23) {
2026-05-12 18:25:43 +08:00:   code: 'MODULE_NOT_FOUND',
2026-05-12 18:25:43 +08:00:   requireStack: [ '/opt/wxgame-workspace/backend/server.js' ]
2026-05-12 18:25:43 +08:00: }
2026-05-12 18:25:47 +08:00: Error: Cannot find module 'bcryptjs'
2026-05-12 18:25:47 +08:00: Require stack:
2026-05-12 18:25:47 +08:00: - /opt/wxgame-workspace/backend/server.js
2026-05-12 18:25:47 +08:00:     at Module._resolveFilename (node:internal/modules/cjs/loader:1140:15)
2026-05-12 18:25:47 +08:00:     at Module._load (node:internal/modules/cjs/loader:981:27)
2026-05-12 18:25:47 +08:00:     at Module.require (node:internal/modules/cjs/loader:1231:19)
2026-05-12 18:25:47 +08:00:     at require (node:internal/modules/helpers:177:18)
2026-05-12 18:25:47 +08:00:     at Object.<anonymous> (/opt/wxgame-workspace/backend/server.js:4:16)
2026-05-12 18:25:47 +08:00:     at Module._compile (node:internal/modules/cjs/loader:1364:14)
2026-05-12 18:25:47 +08:00:     at Module._extensions..js (node:internal/modules/cjs/loader:1422:10)
2026-05-12 18:25:47 +08:00:     at Module.load (node:internal/modules/cjs/loader:1203:32)
2026-05-12 18:25:47 +08:00:     at Module._load (node:internal/modules/cjs/loader:1019:12)
2026-05-12 18:25:47 +08:00:     at Object.<anonymous> (/usr/lib/node_modules/pm2/lib/ProcessContainerFork.js:32:23) {
2026-05-12 18:25:47 +08:00:   code: 'MODULE_NOT_FOUND',
2026-05-12 18:25:47 +08:00:   requireStack: [ '/opt/wxgame-workspace/backend/server.js' ]
2026-05-12 18:25:47 +08:00: }
2026-05-12 18:25:50 +08:00: Error: Cannot find module 'bcryptjs'
2026-05-12 18:25:50 +08:00: Require stack:
2026-05-12 18:25:50 +08:00: - /opt/wxgame-workspace/backend/server.js
2026-05-12 18:25:50 +08:00:     at Module._resolveFilename (node:internal/modules/cjs/loader:1140:15)
2026-05-12 18:25:50 +08:00:     at Module._load (node:internal/modules/cjs/loader:981:27)
2026-05-12 18:25:50 +08:00:     at Module.require (node:internal/modules/cjs/loader:1231:19)
2026-05-12 18:25:50 +08:00:     at require (node:internal/modules/helpers:177:18)
2026-05-12 18:25:50 +08:00:     at Object.<anonymous> (/opt/wxgame-workspace/backend/server.js:4:16)
2026-05-12 18:25:50 +08:00:     at Module._compile (node:internal/modules/cjs/loader:1364:14)
2026-05-12 18:25:50 +08:00:     at Module._extensions..js (node:internal/modules/cjs/loader:1422:10)
2026-05-12 18:25:50 +08:00:     at Module.load (node:internal/modules/cjs/loader:1203:32)
2026-05-12 18:25:50 +08:00:     at Module._load (node:internal/modules/cjs/loader:1019:12)
2026-05-12 18:25:50 +08:00:     at Object.<anonymous> (/usr/lib/node_modules/pm2/lib/ProcessContainerFork.js:32:23) {
2026-05-12 18:25:50 +08:00:   code: 'MODULE_NOT_FOUND',
2026-05-12 18:25:50 +08:00:   requireStack: [ '/opt/wxgame-workspace/backend/server.js' ]
2026-05-12 18:25:50 +08:00: }
