2026-05-12 15:41:02 +08:00: Database initialized
2026-05-12 15:41:06 +08:00: Database initialized
2026-05-12 15:41:10 +08:00: Database initialized
2026-05-12 15:41:13 +08:00: Database initialized
2026-05-12 15:41:16 +08:00: Database initialized
2026-05-12 15:41:20 +08:00: Database initialized
2026-05-12 15:41:23 +08:00: Database initialized
2026-05-12 15:41:27 +08:00: Database initialized
2026-05-12 15:41:30 +08:00: Database initialized
2026-05-12 15:41:34 +08:00: Database initialized
2026-05-12 15:47:09 +08:00: Database initialized
2026-05-12 15:47:13 +08:00: Database initialized
2026-05-12 15:47:16 +08:00: Database initialized
2026-05-12 15:47:19 +08:00: Database initialized
2026-05-12 15:47:23 +08:00: Database initialized
2026-05-12 15:47:26 +08:00: Database initialized
2026-05-12 15:47:30 +08:00: Database initialized
2026-05-12 15:47:32 +08:00: Database initialized
2026-05-12 15:47:36 +08:00: Database initialized
2026-05-12 15:47:39 +08:00: Database initialized
2026-05-12 15:47:43 +08:00: Database initialized
2026-05-12 15:47:46 +08:00: Database initialized
2026-05-12 15:47:49 +08:00: Database initialized
2026-05-12 15:47:53 +08:00: Database initialized
2026-05-12 15:47:56 +08:00: Database initialized
2026-05-12 15:48:00 +08:00: Database initialized
2026-05-12 15:48:03 +08:00: Database initialized
2026-05-12 15:51:19 +08:00: Database initialized
2026-05-12 15:51:19 +08:00: 《文明火种》后端服务启动于端口 3001
2026-05-12 15:51:19 +08:00: 数据库路径: /opt/wxgame-workspace/backend/data/game.db
2026-05-12 15:51:19 +08:00: API文档: http://localhost:3001/api/health
2026-05-12 15:57:24 +08:00: Database initialized
2026-05-12 15:57:24 +08:00: 《文明火种》后端服务启动于端口 3000
2026-05-12 15:57:24 +08:00: 数据库路径: /opt/wxgame-workspace/backend/data/game.db
2026-05-12 15:57:24 +08:00: API文档: http://localhost:3000/api/health
2026-05-12 16:15:51 +08:00: Database initialized
2026-05-12 16:15:51 +08:00: 《文明火种》后端服务启动于端口 3000
2026-05-12 16:15:51 +08:00: 数据库路径: /opt/wxgame-workspace/backend/data/game.db
2026-05-12 16:15:51 +08:00: API文档: http://localhost:3000/api/health
2026-05-12 17:08:21 +08:00: Database initialized
2026-05-12 17:08:21 +08:00: Tick system started: 1s interval, test player only
2026-05-12 17:08:21 +08:00: 《文明火种》后端服务启动于端口 3000
2026-05-12 17:08:21 +08:00: 数据库路径: /opt/wxgame-workspace/backend/data/game.db
2026-05-12 17:08:21 +08:00: API文档: http://localhost:3000/api/health
2026-05-12 17:10:08 +08:00: Database initialized
2026-05-12 17:10:08 +08:00: Tick system started: 1s interval, test player only
2026-05-12 17:10:08 +08:00: 《文明火种》后端服务启动于端口 3000
2026-05-12 17:10:08 +08:00: 数据库路径: /opt/wxgame-workspace/backend/data/game.db
2026-05-12 17:10:08 +08:00: API文档: http://localhost:3000/api/health
2026-05-12 17:22:57 +08:00: Database initialized
2026-05-12 17:22:57 +08:00: Tick system started: 1s interval, all active players (lastActiveAt < 5min)
2026-05-12 17:22:57 +08:00: 《文明火种》后端服务启动于端口 3000
2026-05-12 17:22:57 +08:00: 数据库路径: /opt/wxgame-workspace/backend/data/game.db
2026-05-12 17:22:57 +08:00: API文档: http://localhost:3000/api/health
2026-05-12 17:24:27 +08:00: Database initialized
2026-05-12 17:24:27 +08:00: Tick system started: 1s interval, all active players (lastActiveAt < 5min)
2026-05-12 17:24:27 +08:00: 《文明火种》后端服务启动于端口 3000
2026-05-12 17:24:27 +08:00: 数据库路径: /opt/wxgame-workspace/backend/data/game.db
2026-05-12 17:24:27 +08:00: API文档: http://localhost:3000/api/health
2026-05-12 17:24:32 +08:00: Database initialized
2026-05-12 17:24:32 +08:00: Tick system started: 1s interval, all active players (lastActiveAt < 5min)
2026-05-12 17:24:32 +08:00: 《文明火种》后端服务启动于端口 3000
2026-05-12 17:24:32 +08:00: 数据库路径: /opt/wxgame-workspace/backend/data/game.db
2026-05-12 17:24:32 +08:00: API文档: http://localhost:3000/api/health
2026-05-12 18:42:26 +08:00: ◇ injected env (2) from .env // tip: ⌁ auth for agents [www.vestauth.com]
2026-05-12 18:42:26 +08:00: Tick system started: 1s interval, all active players
2026-05-12 18:42:26 +08:00: Civilization Fire backend running on port 3000
